<?xml version="1.0" encoding="UTF-8"?>
<!-- Generated by org.testng.reporters.JUnitReportReporter -->
<testsuite hostname="LAPTOP-TNDV253O" failures="0" tests="1" name="testRunner.TestRunnerClass" time="4.185" errors="0" timestamp="2023-08-31T13:24:22 CDT" skipped="0">
  <testcase classname="testRunner.TestRunnerClass" name="feature" time="4.185"/>
</testsuite> <!-- testRunner.TestRunnerClass -->
